{"C:\\Users\\luksj\\Desktop\\Programavimas\\projects\\notyy\\scripts\\animations.js": {"path":"C:\\Users\\luksj\\Desktop\\Programavimas\\projects\\notyy\\scripts\\animations.js","statementMap":{"0":{"start":{"line":1,"column":30},"end":{"line":11,"column":1}},"1":{"start":{"line":6,"column":2},"end":{"line":10,"column":3}},"2":{"start":{"line":7,"column":4},"end":{"line":7,"column":54}},"3":{"start":{"line":8,"column":9},"end":{"line":10,"column":3}},"4":{"start":{"line":9,"column":4},"end":{"line":9,"column":57}},"5":{"start":{"line":13,"column":35},"end":{"line":18,"column":1}},"6":{"start":{"line":14,"column":2},"end":{"line":14,"column":49}},"7":{"start":{"line":15,"column":2},"end":{"line":15,"column":37}},"8":{"start":{"line":16,"column":2},"end":{"line":16,"column":45}},"9":{"start":{"line":17,"column":2},"end":{"line":17,"column":25}},"10":{"start":{"line":20,"column":37},"end":{"line":26,"column":1}},"11":{"start":{"line":21,"column":2},"end":{"line":21,"column":39}},"12":{"start":{"line":22,"column":2},"end":{"line":22,"column":61}},"13":{"start":{"line":23,"column":2},"end":{"line":23,"column":69}},"14":{"start":{"line":24,"column":2},"end":{"line":24,"column":46}},"15":{"start":{"line":25,"column":2},"end":{"line":25,"column":25}}},"fnMap":{"0":{"name":"(anonymous_0)","decl":{"start":{"line":1,"column":30},"end":{"line":1,"column":31}},"loc":{"start":{"line":5,"column":5},"end":{"line":11,"column":1}},"line":5},"1":{"name":"(anonymous_1)","decl":{"start":{"line":13,"column":35},"end":{"line":13,"column":36}},"loc":{"start":{"line":13,"column":45},"end":{"line":18,"column":1}},"line":13},"2":{"name":"(anonymous_2)","decl":{"start":{"line":20,"column":37},"end":{"line":20,"column":38}},"loc":{"start":{"line":20,"column":47},"end":{"line":26,"column":1}},"line":20}},"branchMap":{"0":{"loc":{"start":{"line":3,"column":2},"end":{"line":3,"column":14}},"type":"default-arg","locations":[{"start":{"line":3,"column":10},"end":{"line":3,"column":14}}],"line":3},"1":{"loc":{"start":{"line":4,"column":2},"end":{"line":4,"column":17}},"type":"default-arg","locations":[{"start":{"line":4,"column":15},"end":{"line":4,"column":17}}],"line":4},"2":{"loc":{"start":{"line":6,"column":2},"end":{"line":10,"column":3}},"type":"if","locations":[{"start":{"line":6,"column":2},"end":{"line":10,"column":3}},{"start":{"line":8,"column":9},"end":{"line":10,"column":3}}],"line":6},"3":{"loc":{"start":{"line":8,"column":9},"end":{"line":10,"column":3}},"type":"if","locations":[{"start":{"line":8,"column":9},"end":{"line":10,"column":3}},{"start":{},"end":{}}],"line":8},"4":{"loc":{"start":{"line":8,"column":13},"end":{"line":8,"column":40}},"type":"binary-expr","locations":[{"start":{"line":8,"column":13},"end":{"line":8,"column":19}},{"start":{"line":8,"column":23},"end":{"line":8,"column":40}}],"line":8}},"s":{"0":3,"1":0,"2":0,"3":0,"4":0,"5":3,"6":0,"7":0,"8":0,"9":0,"10":3,"11":0,"12":0,"13":0,"14":0,"15":0},"f":{"0":0,"1":0,"2":0},"b":{"0":[0],"1":[0],"2":[0,0],"3":[0,0],"4":[0,0]},"_coverageSchema":"1a1c01bbd47fc00a2c39e90264f33305004495a9","hash":"03cf0c3b93a7010cb791da36e43383cf7ea7bd36"}
,"C:\\Users\\luksj\\Desktop\\Programavimas\\projects\\notyy\\scripts\\helper-and-saving.function.js": {"path":"C:\\Users\\luksj\\Desktop\\Programavimas\\projects\\notyy\\scripts\\helper-and-saving.function.js","statementMap":{"0":{"start":{"line":2,"column":25},"end":{"line":7,"column":1}},"1":{"start":{"line":3,"column":2},"end":{"line":6,"column":3}},"2":{"start":{"line":4,"column":4},"end":{"line":4,"column":37}},"3":{"start":{"line":5,"column":4},"end":{"line":5,"column":62}},"4":{"start":{"line":9,"column":33},"end":{"line":13,"column":1}},"5":{"start":{"line":10,"column":19},"end":{"line":10,"column":58}},"6":{"start":{"line":11,"column":24},"end":{"line":11,"column":50}},"7":{"start":{"line":12,"column":2},"end":{"line":12,"column":23}}},"fnMap":{"0":{"name":"(anonymous_0)","decl":{"start":{"line":2,"column":25},"end":{"line":2,"column":26}},"loc":{"start":{"line":2,"column":41},"end":{"line":7,"column":1}},"line":2},"1":{"name":"(anonymous_1)","decl":{"start":{"line":9,"column":33},"end":{"line":9,"column":34}},"loc":{"start":{"line":9,"column":39},"end":{"line":13,"column":1}},"line":9}},"branchMap":{"0":{"loc":{"start":{"line":3,"column":2},"end":{"line":6,"column":3}},"type":"if","locations":[{"start":{"line":3,"column":2},"end":{"line":6,"column":3}},{"start":{},"end":{}}],"line":3},"1":{"loc":{"start":{"line":3,"column":6},"end":{"line":3,"column":31}},"type":"binary-expr","locations":[{"start":{"line":3,"column":6},"end":{"line":3,"column":16}},{"start":{"line":3,"column":20},"end":{"line":3,"column":31}}],"line":3}},"s":{"0":1,"1":2,"2":2,"3":2,"4":1,"5":2,"6":2,"7":2},"f":{"0":2,"1":2},"b":{"0":[2,0],"1":[2,0]},"_coverageSchema":"1a1c01bbd47fc00a2c39e90264f33305004495a9","hash":"9bfc90ed0ea1242b5995f5d30dc40b1ddbf055f5"}
,"C:\\Users\\luksj\\Desktop\\Programavimas\\projects\\notyy\\scripts\\page.functions.js": {"path":"C:\\Users\\luksj\\Desktop\\Programavimas\\projects\\notyy\\scripts\\page.functions.js","statementMap":{"0":{"start":{"line":2,"column":32},"end":{"line":16,"column":1}},"1":{"start":{"line":3,"column":27},"end":{"line":3,"column":29}},"2":{"start":{"line":4,"column":2},"end":{"line":14,"column":5}},"3":{"start":{"line":5,"column":22},"end":{"line":5,"column":71}},"4":{"start":{"line":6,"column":18},"end":{"line":6,"column":54}},"5":{"start":{"line":7,"column":27},"end":{"line":7,"column":46}},"6":{"start":{"line":8,"column":26},"end":{"line":12,"column":5}},"7":{"start":{"line":13,"column":4},"end":{"line":13,"column":41}},"8":{"start":{"line":15,"column":2},"end":{"line":15,"column":26}},"9":{"start":{"line":20,"column":30},"end":{"line":29,"column":1}},"10":{"start":{"line":21,"column":16},"end":{"line":21,"column":55}},"11":{"start":{"line":22,"column":2},"end":{"line":28,"column":5}},"12":{"start":{"line":23,"column":4},"end":{"line":27,"column":5}},"13":{"start":{"line":24,"column":6},"end":{"line":24,"column":36}},"14":{"start":{"line":26,"column":6},"end":{"line":26,"column":33}},"15":{"start":{"line":33,"column":26},"end":{"line":35,"column":1}},"16":{"start":{"line":34,"column":2},"end":{"line":34,"column":70}},"17":{"start":{"line":37,"column":28},"end":{"line":45,"column":1}},"18":{"start":{"line":38,"column":10},"end":{"line":38,"column":11}},"19":{"start":{"line":39,"column":2},"end":{"line":44,"column":5}},"20":{"start":{"line":40,"column":4},"end":{"line":40,"column":30}},"21":{"start":{"line":41,"column":4},"end":{"line":41,"column":48}},"22":{"start":{"line":42,"column":4},"end":{"line":42,"column":62}},"23":{"start":{"line":43,"column":4},"end":{"line":43,"column":8}}},"fnMap":{"0":{"name":"(anonymous_0)","decl":{"start":{"line":2,"column":32},"end":{"line":2,"column":33}},"loc":{"start":{"line":2,"column":46},"end":{"line":16,"column":1}},"line":2},"1":{"name":"(anonymous_1)","decl":{"start":{"line":4,"column":20},"end":{"line":4,"column":21}},"loc":{"start":{"line":4,"column":30},"end":{"line":14,"column":3}},"line":4},"2":{"name":"(anonymous_2)","decl":{"start":{"line":20,"column":30},"end":{"line":20,"column":31}},"loc":{"start":{"line":20,"column":56},"end":{"line":29,"column":1}},"line":20},"3":{"name":"(anonymous_3)","decl":{"start":{"line":22,"column":17},"end":{"line":22,"column":18}},"loc":{"start":{"line":22,"column":27},"end":{"line":28,"column":3}},"line":22},"4":{"name":"(anonymous_4)","decl":{"start":{"line":33,"column":26},"end":{"line":33,"column":27}},"loc":{"start":{"line":33,"column":42},"end":{"line":35,"column":1}},"line":33},"5":{"name":"(anonymous_5)","decl":{"start":{"line":37,"column":28},"end":{"line":37,"column":29}},"loc":{"start":{"line":37,"column":39},"end":{"line":45,"column":1}},"line":37},"6":{"name":"(anonymous_6)","decl":{"start":{"line":39,"column":17},"end":{"line":39,"column":18}},"loc":{"start":{"line":39,"column":27},"end":{"line":44,"column":3}},"line":39}},"branchMap":{"0":{"loc":{"start":{"line":23,"column":4},"end":{"line":27,"column":5}},"type":"if","locations":[{"start":{"line":23,"column":4},"end":{"line":27,"column":5}},{"start":{"line":25,"column":11},"end":{"line":27,"column":5}}],"line":23}},"s":{"0":2,"1":4,"2":4,"3":4,"4":4,"5":4,"6":4,"7":4,"8":4,"9":2,"10":2,"11":2,"12":3,"13":1,"14":2,"15":2,"16":2,"17":2,"18":2,"19":2,"20":4,"21":4,"22":4,"23":4},"f":{"0":4,"1":4,"2":2,"3":3,"4":2,"5":2,"6":4},"b":{"0":[1,2]},"_coverageSchema":"1a1c01bbd47fc00a2c39e90264f33305004495a9","hash":"61cfaa21262877ea103f84ea0f3b7d1a746557d5"}
,"C:\\Users\\luksj\\Desktop\\Programavimas\\projects\\notyy\\scripts\\todo-item.functions.js": {"path":"C:\\Users\\luksj\\Desktop\\Programavimas\\projects\\notyy\\scripts\\todo-item.functions.js","statementMap":{"0":{"start":{"line":3,"column":24},"end":{"line":13,"column":1}},"1":{"start":{"line":4,"column":2},"end":{"line":12,"column":3}},"2":{"start":{"line":5,"column":4},"end":{"line":5,"column":11}},"3":{"start":{"line":7,"column":4},"end":{"line":11,"column":5}},"4":{"start":{"line":8,"column":6},"end":{"line":8,"column":56}},"5":{"start":{"line":10,"column":6},"end":{"line":10,"column":78}},"6":{"start":{"line":16,"column":26},"end":{"line":28,"column":1}},"7":{"start":{"line":17,"column":23},"end":{"line":19,"column":3}},"8":{"start":{"line":20,"column":2},"end":{"line":24,"column":3}},"9":{"start":{"line":21,"column":4},"end":{"line":21,"column":26}},"10":{"start":{"line":23,"column":4},"end":{"line":23,"column":11}},"11":{"start":{"line":32,"column":34},"end":{"line":34,"column":1}},"12":{"start":{"line":33,"column":2},"end":{"line":33,"column":30}},"13":{"start":{"line":38,"column":33},"end":{"line":69,"column":1}},"14":{"start":{"line":39,"column":2},"end":{"line":68,"column":3}},"15":{"start":{"line":40,"column":36},"end":{"line":42,"column":5}},"16":{"start":{"line":43,"column":31},"end":{"line":43,"column":65}},"17":{"start":{"line":44,"column":35},"end":{"line":47,"column":5}},"18":{"start":{"line":48,"column":40},"end":{"line":51,"column":5}},"19":{"start":{"line":52,"column":4},"end":{"line":55,"column":6}},"20":{"start":{"line":57,"column":32},"end":{"line":57,"column":70}},"21":{"start":{"line":58,"column":37},"end":{"line":63,"column":5}},"22":{"start":{"line":64,"column":4},"end":{"line":67,"column":6}},"23":{"start":{"line":72,"column":29},"end":{"line":81,"column":1}},"24":{"start":{"line":73,"column":2},"end":{"line":80,"column":3}},"25":{"start":{"line":74,"column":31},"end":{"line":76,"column":5}},"26":{"start":{"line":77,"column":4},"end":{"line":77,"column":46}},"27":{"start":{"line":79,"column":4},"end":{"line":79,"column":16}},"28":{"start":{"line":83,"column":35},"end":{"line":97,"column":1}},"29":{"start":{"line":84,"column":19},"end":{"line":84,"column":52}},"30":{"start":{"line":85,"column":21},"end":{"line":85,"column":60}},"31":{"start":{"line":86,"column":31},"end":{"line":89,"column":7}},"32":{"start":{"line":91,"column":25},"end":{"line":91,"column":56}},"33":{"start":{"line":92,"column":2},"end":{"line":92,"column":46}},"34":{"start":{"line":93,"column":2},"end":{"line":93,"column":47}},"35":{"start":{"line":94,"column":2},"end":{"line":94,"column":43}},"36":{"start":{"line":95,"column":2},"end":{"line":95,"column":39}},"37":{"start":{"line":96,"column":2},"end":{"line":96,"column":46}},"38":{"start":{"line":99,"column":33},"end":{"line":112,"column":1}},"39":{"start":{"line":100,"column":20},"end":{"line":100,"column":54}},"40":{"start":{"line":101,"column":27},"end":{"line":101,"column":73}},"41":{"start":{"line":103,"column":25},"end":{"line":103,"column":55}},"42":{"start":{"line":104,"column":2},"end":{"line":104,"column":47}},"43":{"start":{"line":105,"column":25},"end":{"line":107,"column":11}},"44":{"start":{"line":108,"column":2},"end":{"line":108,"column":56}},"45":{"start":{"line":109,"column":2},"end":{"line":109,"column":46}},"46":{"start":{"line":110,"column":2},"end":{"line":110,"column":46}},"47":{"start":{"line":111,"column":2},"end":{"line":111,"column":40}},"48":{"start":{"line":115,"column":28},"end":{"line":126,"column":1}},"49":{"start":{"line":116,"column":30},"end":{"line":116,"column":32}},"50":{"start":{"line":117,"column":2},"end":{"line":123,"column":5}},"51":{"start":{"line":118,"column":24},"end":{"line":118,"column":61}},"52":{"start":{"line":119,"column":22},"end":{"line":119,"column":45}},"53":{"start":{"line":120,"column":19},"end":{"line":120,"column":45}},"54":{"start":{"line":121,"column":26},"end":{"line":121,"column":64}},"55":{"start":{"line":122,"column":4},"end":{"line":122,"column":44}},"56":{"start":{"line":125,"column":2},"end":{"line":125,"column":29}},"57":{"start":{"line":128,"column":28},"end":{"line":134,"column":1}},"58":{"start":{"line":129,"column":10},"end":{"line":129,"column":37}},"59":{"start":{"line":130,"column":2},"end":{"line":133,"column":5}},"60":{"start":{"line":131,"column":4},"end":{"line":131,"column":24}},"61":{"start":{"line":132,"column":4},"end":{"line":132,"column":8}},"62":{"start":{"line":136,"column":35},"end":{"line":141,"column":1}},"63":{"start":{"line":137,"column":2},"end":{"line":140,"column":4}},"64":{"start":{"line":143,"column":32},"end":{"line":169,"column":1}},"65":{"start":{"line":144,"column":2},"end":{"line":146,"column":3}},"66":{"start":{"line":145,"column":4},"end":{"line":145,"column":56}},"67":{"start":{"line":147,"column":21},"end":{"line":147,"column":48}},"68":{"start":{"line":148,"column":25},"end":{"line":148,"column":55}},"69":{"start":{"line":149,"column":2},"end":{"line":149,"column":36}},"70":{"start":{"line":150,"column":2},"end":{"line":150,"column":41}},"71":{"start":{"line":151,"column":2},"end":{"line":151,"column":29}},"72":{"start":{"line":153,"column":26},"end":{"line":164,"column":5}},"73":{"start":{"line":165,"column":27},"end":{"line":165,"column":114}},"74":{"start":{"line":166,"column":2},"end":{"line":166,"column":62}},"75":{"start":{"line":167,"column":2},"end":{"line":167,"column":64}},"76":{"start":{"line":168,"column":2},"end":{"line":168,"column":20}}},"fnMap":{"0":{"name":"(anonymous_0)","decl":{"start":{"line":3,"column":24},"end":{"line":3,"column":25}},"loc":{"start":{"line":3,"column":49},"end":{"line":13,"column":1}},"line":3},"1":{"name":"(anonymous_1)","decl":{"start":{"line":16,"column":26},"end":{"line":16,"column":27}},"loc":{"start":{"line":16,"column":50},"end":{"line":28,"column":1}},"line":16},"2":{"name":"(anonymous_2)","decl":{"start":{"line":32,"column":34},"end":{"line":32,"column":35}},"loc":{"start":{"line":32,"column":44},"end":{"line":34,"column":1}},"line":32},"3":{"name":"(anonymous_3)","decl":{"start":{"line":38,"column":33},"end":{"line":38,"column":34}},"loc":{"start":{"line":38,"column":43},"end":{"line":69,"column":1}},"line":38},"4":{"name":"(anonymous_4)","decl":{"start":{"line":72,"column":29},"end":{"line":72,"column":30}},"loc":{"start":{"line":72,"column":45},"end":{"line":81,"column":1}},"line":72},"5":{"name":"(anonymous_5)","decl":{"start":{"line":83,"column":35},"end":{"line":83,"column":36}},"loc":{"start":{"line":83,"column":52},"end":{"line":97,"column":1}},"line":83},"6":{"name":"(anonymous_6)","decl":{"start":{"line":99,"column":33},"end":{"line":99,"column":34}},"loc":{"start":{"line":99,"column":50},"end":{"line":112,"column":1}},"line":99},"7":{"name":"(anonymous_7)","decl":{"start":{"line":115,"column":28},"end":{"line":115,"column":29}},"loc":{"start":{"line":115,"column":46},"end":{"line":126,"column":1}},"line":115},"8":{"name":"(anonymous_8)","decl":{"start":{"line":117,"column":45},"end":{"line":117,"column":46}},"loc":{"start":{"line":117,"column":66},"end":{"line":123,"column":3}},"line":117},"9":{"name":"(anonymous_9)","decl":{"start":{"line":128,"column":28},"end":{"line":128,"column":29}},"loc":{"start":{"line":128,"column":41},"end":{"line":134,"column":1}},"line":128},"10":{"name":"(anonymous_10)","decl":{"start":{"line":130,"column":40},"end":{"line":130,"column":41}},"loc":{"start":{"line":130,"column":50},"end":{"line":133,"column":3}},"line":130},"11":{"name":"(anonymous_11)","decl":{"start":{"line":136,"column":35},"end":{"line":136,"column":36}},"loc":{"start":{"line":136,"column":49},"end":{"line":141,"column":1}},"line":136},"12":{"name":"(anonymous_12)","decl":{"start":{"line":143,"column":32},"end":{"line":143,"column":33}},"loc":{"start":{"line":143,"column":46},"end":{"line":169,"column":1}},"line":143}},"branchMap":{"0":{"loc":{"start":{"line":4,"column":2},"end":{"line":12,"column":3}},"type":"if","locations":[{"start":{"line":4,"column":2},"end":{"line":12,"column":3}},{"start":{"line":6,"column":9},"end":{"line":12,"column":3}}],"line":4},"1":{"loc":{"start":{"line":4,"column":6},"end":{"line":4,"column":28}},"type":"binary-expr","locations":[{"start":{"line":4,"column":6},"end":{"line":4,"column":12}},{"start":{"line":4,"column":16},"end":{"line":4,"column":28}}],"line":4},"2":{"loc":{"start":{"line":7,"column":4},"end":{"line":11,"column":5}},"type":"if","locations":[{"start":{"line":7,"column":4},"end":{"line":11,"column":5}},{"start":{"line":9,"column":11},"end":{"line":11,"column":5}}],"line":7},"3":{"loc":{"start":{"line":20,"column":2},"end":{"line":24,"column":3}},"type":"if","locations":[{"start":{"line":20,"column":2},"end":{"line":24,"column":3}},{"start":{"line":22,"column":9},"end":{"line":24,"column":3}}],"line":20},"4":{"loc":{"start":{"line":39,"column":2},"end":{"line":68,"column":3}},"type":"if","locations":[{"start":{"line":39,"column":2},"end":{"line":68,"column":3}},{"start":{"line":56,"column":9},"end":{"line":68,"column":3}}],"line":39},"5":{"loc":{"start":{"line":73,"column":2},"end":{"line":80,"column":3}},"type":"if","locations":[{"start":{"line":73,"column":2},"end":{"line":80,"column":3}},{"start":{"line":78,"column":9},"end":{"line":80,"column":3}}],"line":73},"6":{"loc":{"start":{"line":144,"column":2},"end":{"line":146,"column":3}},"type":"if","locations":[{"start":{"line":144,"column":2},"end":{"line":146,"column":3}},{"start":{},"end":{}}],"line":144},"7":{"loc":{"start":{"line":144,"column":6},"end":{"line":144,"column":18}},"type":"binary-expr","locations":[{"start":{"line":144,"column":6},"end":{"line":144,"column":11}},{"start":{"line":144,"column":15},"end":{"line":144,"column":18}}],"line":144}},"s":{"0":3,"1":5,"2":2,"3":3,"4":2,"5":1,"6":3,"7":2,"8":2,"9":1,"10":1,"11":3,"12":0,"13":3,"14":2,"15":1,"16":1,"17":1,"18":1,"19":1,"20":1,"21":1,"22":1,"23":3,"24":3,"25":1,"26":1,"27":2,"28":3,"29":1,"30":1,"31":1,"32":1,"33":1,"34":1,"35":1,"36":1,"37":1,"38":3,"39":1,"40":1,"41":1,"42":1,"43":1,"44":1,"45":1,"46":1,"47":1,"48":3,"49":7,"50":7,"51":8,"52":8,"53":8,"54":8,"55":8,"56":7,"57":3,"58":2,"59":2,"60":4,"61":4,"62":3,"63":8,"64":3,"65":5,"66":1,"67":4,"68":4,"69":4,"70":4,"71":4,"72":4,"73":4,"74":4,"75":4,"76":4},"f":{"0":5,"1":2,"2":0,"3":2,"4":3,"5":1,"6":1,"7":7,"8":8,"9":2,"10":4,"11":8,"12":5},"b":{"0":[2,3],"1":[5,3],"2":[2,1],"3":[1,1],"4":[1,1],"5":[1,2],"6":[1,4],"7":[5,4]},"_coverageSchema":"1a1c01bbd47fc00a2c39e90264f33305004495a9","hash":"df627d605171c7c33d6e94caaed00ddfb91d6101"}
}
