{"C:\\Users\\luksj\\Desktop\\Programavimas\\projects\\notyy\\scripts\\animations.js": {"path":"C:\\Users\\luksj\\Desktop\\Programavimas\\projects\\notyy\\scripts\\animations.js","statementMap":{"0":{"start":{"line":1,"column":30},"end":{"line":11,"column":1}},"1":{"start":{"line":6,"column":2},"end":{"line":10,"column":3}},"2":{"start":{"line":7,"column":4},"end":{"line":7,"column":54}},"3":{"start":{"line":8,"column":9},"end":{"line":10,"column":3}},"4":{"start":{"line":9,"column":4},"end":{"line":9,"column":57}},"5":{"start":{"line":13,"column":35},"end":{"line":18,"column":1}},"6":{"start":{"line":14,"column":2},"end":{"line":14,"column":49}},"7":{"start":{"line":15,"column":2},"end":{"line":15,"column":37}},"8":{"start":{"line":16,"column":2},"end":{"line":16,"column":45}},"9":{"start":{"line":17,"column":2},"end":{"line":17,"column":25}},"10":{"start":{"line":20,"column":37},"end":{"line":26,"column":1}},"11":{"start":{"line":21,"column":2},"end":{"line":21,"column":39}},"12":{"start":{"line":22,"column":2},"end":{"line":22,"column":61}},"13":{"start":{"line":23,"column":2},"end":{"line":23,"column":69}},"14":{"start":{"line":24,"column":2},"end":{"line":24,"column":46}},"15":{"start":{"line":25,"column":2},"end":{"line":25,"column":25}}},"fnMap":{"0":{"name":"(anonymous_0)","decl":{"start":{"line":1,"column":30},"end":{"line":1,"column":31}},"loc":{"start":{"line":5,"column":5},"end":{"line":11,"column":1}},"line":5},"1":{"name":"(anonymous_1)","decl":{"start":{"line":13,"column":35},"end":{"line":13,"column":36}},"loc":{"start":{"line":13,"column":45},"end":{"line":18,"column":1}},"line":13},"2":{"name":"(anonymous_2)","decl":{"start":{"line":20,"column":37},"end":{"line":20,"column":38}},"loc":{"start":{"line":20,"column":47},"end":{"line":26,"column":1}},"line":20}},"branchMap":{"0":{"loc":{"start":{"line":3,"column":2},"end":{"line":3,"column":14}},"type":"default-arg","locations":[{"start":{"line":3,"column":10},"end":{"line":3,"column":14}}],"line":3},"1":{"loc":{"start":{"line":4,"column":2},"end":{"line":4,"column":17}},"type":"default-arg","locations":[{"start":{"line":4,"column":15},"end":{"line":4,"column":17}}],"line":4},"2":{"loc":{"start":{"line":6,"column":2},"end":{"line":10,"column":3}},"type":"if","locations":[{"start":{"line":6,"column":2},"end":{"line":10,"column":3}},{"start":{"line":8,"column":9},"end":{"line":10,"column":3}}],"line":6},"3":{"loc":{"start":{"line":8,"column":9},"end":{"line":10,"column":3}},"type":"if","locations":[{"start":{"line":8,"column":9},"end":{"line":10,"column":3}},{"start":{},"end":{}}],"line":8},"4":{"loc":{"start":{"line":8,"column":13},"end":{"line":8,"column":40}},"type":"binary-expr","locations":[{"start":{"line":8,"column":13},"end":{"line":8,"column":19}},{"start":{"line":8,"column":23},"end":{"line":8,"column":40}}],"line":8}},"s":{"0":1,"1":0,"2":0,"3":0,"4":0,"5":1,"6":0,"7":0,"8":0,"9":0,"10":1,"11":0,"12":0,"13":0,"14":0,"15":0},"f":{"0":0,"1":0,"2":0},"b":{"0":[0],"1":[0],"2":[0,0],"3":[0,0],"4":[0,0]},"_coverageSchema":"1a1c01bbd47fc00a2c39e90264f33305004495a9","hash":"03cf0c3b93a7010cb791da36e43383cf7ea7bd36"}
,"C:\\Users\\luksj\\Desktop\\Programavimas\\projects\\notyy\\scripts\\todo-item.functions.js": {"path":"C:\\Users\\luksj\\Desktop\\Programavimas\\projects\\notyy\\scripts\\todo-item.functions.js","statementMap":{"0":{"start":{"line":3,"column":24},"end":{"line":13,"column":1}},"1":{"start":{"line":4,"column":2},"end":{"line":12,"column":3}},"2":{"start":{"line":5,"column":4},"end":{"line":5,"column":11}},"3":{"start":{"line":7,"column":4},"end":{"line":11,"column":5}},"4":{"start":{"line":8,"column":6},"end":{"line":8,"column":56}},"5":{"start":{"line":10,"column":6},"end":{"line":10,"column":78}},"6":{"start":{"line":16,"column":26},"end":{"line":20,"column":1}},"7":{"start":{"line":17,"column":2},"end":{"line":19,"column":14}},"8":{"start":{"line":24,"column":34},"end":{"line":26,"column":1}},"9":{"start":{"line":25,"column":2},"end":{"line":25,"column":30}},"10":{"start":{"line":30,"column":33},"end":{"line":61,"column":1}},"11":{"start":{"line":31,"column":2},"end":{"line":60,"column":3}},"12":{"start":{"line":32,"column":36},"end":{"line":34,"column":5}},"13":{"start":{"line":35,"column":31},"end":{"line":35,"column":65}},"14":{"start":{"line":36,"column":35},"end":{"line":39,"column":5}},"15":{"start":{"line":40,"column":40},"end":{"line":43,"column":5}},"16":{"start":{"line":44,"column":4},"end":{"line":47,"column":6}},"17":{"start":{"line":49,"column":32},"end":{"line":49,"column":70}},"18":{"start":{"line":50,"column":37},"end":{"line":55,"column":5}},"19":{"start":{"line":56,"column":4},"end":{"line":59,"column":6}},"20":{"start":{"line":64,"column":29},"end":{"line":69,"column":1}},"21":{"start":{"line":65,"column":29},"end":{"line":67,"column":3}},"22":{"start":{"line":68,"column":2},"end":{"line":68,"column":46}},"23":{"start":{"line":71,"column":35},"end":{"line":85,"column":1}},"24":{"start":{"line":72,"column":19},"end":{"line":72,"column":52}},"25":{"start":{"line":73,"column":21},"end":{"line":73,"column":60}},"26":{"start":{"line":74,"column":31},"end":{"line":77,"column":7}},"27":{"start":{"line":79,"column":25},"end":{"line":79,"column":56}},"28":{"start":{"line":80,"column":2},"end":{"line":80,"column":46}},"29":{"start":{"line":81,"column":2},"end":{"line":81,"column":47}},"30":{"start":{"line":82,"column":2},"end":{"line":82,"column":43}},"31":{"start":{"line":83,"column":2},"end":{"line":83,"column":39}},"32":{"start":{"line":84,"column":2},"end":{"line":84,"column":46}},"33":{"start":{"line":87,"column":33},"end":{"line":100,"column":1}},"34":{"start":{"line":88,"column":20},"end":{"line":88,"column":54}},"35":{"start":{"line":89,"column":27},"end":{"line":89,"column":73}},"36":{"start":{"line":91,"column":25},"end":{"line":91,"column":55}},"37":{"start":{"line":92,"column":2},"end":{"line":92,"column":47}},"38":{"start":{"line":93,"column":25},"end":{"line":95,"column":11}},"39":{"start":{"line":96,"column":2},"end":{"line":96,"column":56}},"40":{"start":{"line":97,"column":2},"end":{"line":97,"column":46}},"41":{"start":{"line":98,"column":2},"end":{"line":98,"column":46}},"42":{"start":{"line":99,"column":2},"end":{"line":99,"column":40}},"43":{"start":{"line":103,"column":28},"end":{"line":114,"column":1}},"44":{"start":{"line":104,"column":30},"end":{"line":104,"column":32}},"45":{"start":{"line":105,"column":2},"end":{"line":111,"column":5}},"46":{"start":{"line":106,"column":24},"end":{"line":106,"column":55}},"47":{"start":{"line":107,"column":22},"end":{"line":107,"column":45}},"48":{"start":{"line":108,"column":19},"end":{"line":108,"column":39}},"49":{"start":{"line":109,"column":26},"end":{"line":109,"column":64}},"50":{"start":{"line":110,"column":4},"end":{"line":110,"column":44}},"51":{"start":{"line":113,"column":2},"end":{"line":113,"column":29}},"52":{"start":{"line":116,"column":28},"end":{"line":122,"column":1}},"53":{"start":{"line":117,"column":10},"end":{"line":117,"column":39}},"54":{"start":{"line":118,"column":2},"end":{"line":121,"column":5}},"55":{"start":{"line":119,"column":4},"end":{"line":119,"column":24}},"56":{"start":{"line":120,"column":4},"end":{"line":120,"column":8}},"57":{"start":{"line":124,"column":35},"end":{"line":129,"column":1}},"58":{"start":{"line":125,"column":2},"end":{"line":128,"column":4}},"59":{"start":{"line":131,"column":32},"end":{"line":154,"column":1}},"60":{"start":{"line":132,"column":21},"end":{"line":132,"column":48}},"61":{"start":{"line":133,"column":25},"end":{"line":133,"column":55}},"62":{"start":{"line":134,"column":2},"end":{"line":134,"column":36}},"63":{"start":{"line":135,"column":2},"end":{"line":135,"column":41}},"64":{"start":{"line":136,"column":2},"end":{"line":136,"column":29}},"65":{"start":{"line":138,"column":26},"end":{"line":149,"column":5}},"66":{"start":{"line":150,"column":27},"end":{"line":150,"column":114}},"67":{"start":{"line":151,"column":2},"end":{"line":151,"column":62}},"68":{"start":{"line":152,"column":2},"end":{"line":152,"column":64}},"69":{"start":{"line":153,"column":2},"end":{"line":153,"column":20}}},"fnMap":{"0":{"name":"(anonymous_0)","decl":{"start":{"line":3,"column":24},"end":{"line":3,"column":25}},"loc":{"start":{"line":3,"column":49},"end":{"line":13,"column":1}},"line":3},"1":{"name":"(anonymous_1)","decl":{"start":{"line":16,"column":26},"end":{"line":16,"column":27}},"loc":{"start":{"line":16,"column":50},"end":{"line":20,"column":1}},"line":16},"2":{"name":"(anonymous_2)","decl":{"start":{"line":24,"column":34},"end":{"line":24,"column":35}},"loc":{"start":{"line":24,"column":44},"end":{"line":26,"column":1}},"line":24},"3":{"name":"(anonymous_3)","decl":{"start":{"line":30,"column":33},"end":{"line":30,"column":34}},"loc":{"start":{"line":30,"column":43},"end":{"line":61,"column":1}},"line":30},"4":{"name":"(anonymous_4)","decl":{"start":{"line":64,"column":29},"end":{"line":64,"column":30}},"loc":{"start":{"line":64,"column":45},"end":{"line":69,"column":1}},"line":64},"5":{"name":"(anonymous_5)","decl":{"start":{"line":71,"column":35},"end":{"line":71,"column":36}},"loc":{"start":{"line":71,"column":52},"end":{"line":85,"column":1}},"line":71},"6":{"name":"(anonymous_6)","decl":{"start":{"line":87,"column":33},"end":{"line":87,"column":34}},"loc":{"start":{"line":87,"column":50},"end":{"line":100,"column":1}},"line":87},"7":{"name":"(anonymous_7)","decl":{"start":{"line":103,"column":28},"end":{"line":103,"column":29}},"loc":{"start":{"line":103,"column":46},"end":{"line":114,"column":1}},"line":103},"8":{"name":"(anonymous_8)","decl":{"start":{"line":105,"column":34},"end":{"line":105,"column":35}},"loc":{"start":{"line":105,"column":49},"end":{"line":111,"column":3}},"line":105},"9":{"name":"(anonymous_9)","decl":{"start":{"line":116,"column":28},"end":{"line":116,"column":29}},"loc":{"start":{"line":116,"column":41},"end":{"line":122,"column":1}},"line":116},"10":{"name":"(anonymous_10)","decl":{"start":{"line":118,"column":29},"end":{"line":118,"column":30}},"loc":{"start":{"line":118,"column":39},"end":{"line":121,"column":3}},"line":118},"11":{"name":"(anonymous_11)","decl":{"start":{"line":124,"column":35},"end":{"line":124,"column":36}},"loc":{"start":{"line":124,"column":49},"end":{"line":129,"column":1}},"line":124},"12":{"name":"(anonymous_12)","decl":{"start":{"line":131,"column":32},"end":{"line":131,"column":33}},"loc":{"start":{"line":131,"column":46},"end":{"line":154,"column":1}},"line":131}},"branchMap":{"0":{"loc":{"start":{"line":4,"column":2},"end":{"line":12,"column":3}},"type":"if","locations":[{"start":{"line":4,"column":2},"end":{"line":12,"column":3}},{"start":{"line":6,"column":9},"end":{"line":12,"column":3}}],"line":4},"1":{"loc":{"start":{"line":4,"column":6},"end":{"line":4,"column":28}},"type":"binary-expr","locations":[{"start":{"line":4,"column":6},"end":{"line":4,"column":12}},{"start":{"line":4,"column":16},"end":{"line":4,"column":28}}],"line":4},"2":{"loc":{"start":{"line":7,"column":4},"end":{"line":11,"column":5}},"type":"if","locations":[{"start":{"line":7,"column":4},"end":{"line":11,"column":5}},{"start":{"line":9,"column":11},"end":{"line":11,"column":5}}],"line":7},"3":{"loc":{"start":{"line":31,"column":2},"end":{"line":60,"column":3}},"type":"if","locations":[{"start":{"line":31,"column":2},"end":{"line":60,"column":3}},{"start":{"line":48,"column":9},"end":{"line":60,"column":3}}],"line":31}},"s":{"0":1,"1":5,"2":2,"3":3,"4":2,"5":1,"6":1,"7":0,"8":1,"9":0,"10":1,"11":0,"12":0,"13":0,"14":0,"15":0,"16":0,"17":0,"18":0,"19":0,"20":1,"21":0,"22":0,"23":1,"24":0,"25":0,"26":0,"27":0,"28":0,"29":0,"30":0,"31":0,"32":0,"33":1,"34":0,"35":0,"36":0,"37":0,"38":0,"39":0,"40":0,"41":0,"42":0,"43":1,"44":0,"45":0,"46":0,"47":0,"48":0,"49":0,"50":0,"51":0,"52":1,"53":0,"54":0,"55":0,"56":0,"57":1,"58":0,"59":1,"60":3,"61":3,"62":3,"63":3,"64":3,"65":3,"66":3,"67":3,"68":3,"69":3},"f":{"0":5,"1":0,"2":0,"3":0,"4":0,"5":0,"6":0,"7":0,"8":0,"9":0,"10":0,"11":0,"12":3},"b":{"0":[2,3],"1":[5,3],"2":[2,1],"3":[0,0]},"_coverageSchema":"1a1c01bbd47fc00a2c39e90264f33305004495a9","hash":"8a77527752274167010cb2e4b4d902c86e4f3617"}
}
