TN:
SF:scripts\animations.js
FN:1,(anonymous_0)
FN:13,(anonymous_1)
FN:20,(anonymous_2)
FNF:3
FNH:0
FNDA:0,(anonymous_0)
FNDA:0,(anonymous_1)
FNDA:0,(anonymous_2)
DA:1,1
DA:6,0
DA:7,0
DA:8,0
DA:9,0
DA:13,1
DA:14,0
DA:15,0
DA:16,0
DA:17,0
DA:20,1
DA:21,0
DA:22,0
DA:23,0
DA:24,0
DA:25,0
LF:16
LH:3
BRDA:3,0,0,0
BRDA:4,1,0,0
BRDA:6,2,0,0
BRDA:6,2,1,0
BRDA:8,3,0,0
BRDA:8,3,1,0
BRDA:8,4,0,0
BRDA:8,4,1,0
BRF:8
BRH:0
end_of_record
TN:
SF:scripts\mockedLocalStorage.js
FN:1,(anonymous_0)
FN:5,(anonymous_1)
FN:6,(anonymous_2)
FN:9,(anonymous_3)
FN:12,(anonymous_4)
FNF:5
FNH:1
FNDA:1,(anonymous_0)
FNDA:0,(anonymous_1)
FNDA:0,(anonymous_2)
FNDA:0,(anonymous_3)
FNDA:0,(anonymous_4)
DA:1,1
DA:2,1
DA:4,1
DA:5,0
DA:7,0
DA:10,0
DA:13,0
LF:7
LH:3
BRDA:5,0,0,0
BRDA:5,0,1,0
BRF:2
BRH:0
end_of_record
TN:
SF:scripts\todo-item.functions.js
FN:3,(anonymous_0)
FN:16,(anonymous_1)
FN:32,(anonymous_2)
FN:38,(anonymous_3)
FN:72,(anonymous_4)
FN:83,(anonymous_5)
FN:99,(anonymous_6)
FN:115,(anonymous_7)
FN:117,(anonymous_8)
FN:128,(anonymous_9)
FN:130,(anonymous_10)
FN:136,(anonymous_11)
FN:143,(anonymous_12)
FNF:13
FNH:12
FNDA:5,(anonymous_0)
FNDA:2,(anonymous_1)
FNDA:0,(anonymous_2)
FNDA:2,(anonymous_3)
FNDA:3,(anonymous_4)
FNDA:1,(anonymous_5)
FNDA:1,(anonymous_6)
FNDA:3,(anonymous_7)
FNDA:4,(anonymous_8)
FNDA:2,(anonymous_9)
FNDA:4,(anonymous_10)
FNDA:4,(anonymous_11)
FNDA:5,(anonymous_12)
DA:3,1
DA:4,5
DA:5,2
DA:7,3
DA:8,2
DA:10,1
DA:16,1
DA:17,2
DA:20,2
DA:21,1
DA:23,1
DA:32,1
DA:33,0
DA:38,1
DA:39,2
DA:40,1
DA:43,1
DA:44,1
DA:48,1
DA:52,1
DA:57,1
DA:58,1
DA:64,1
DA:72,1
DA:73,3
DA:74,1
DA:77,1
DA:79,2
DA:83,1
DA:84,1
DA:85,1
DA:86,1
DA:91,1
DA:92,1
DA:93,1
DA:94,1
DA:95,1
DA:96,1
DA:99,1
DA:100,1
DA:101,1
DA:103,1
DA:104,1
DA:105,1
DA:108,1
DA:109,1
DA:110,1
DA:111,1
DA:115,1
DA:116,3
DA:117,3
DA:118,4
DA:119,4
DA:120,4
DA:121,4
DA:122,4
DA:125,3
DA:128,1
DA:129,2
DA:130,2
DA:131,4
DA:132,4
DA:136,1
DA:137,4
DA:143,1
DA:144,5
DA:145,1
DA:147,4
DA:148,4
DA:149,4
DA:150,4
DA:151,4
DA:153,4
DA:165,4
DA:166,4
DA:167,4
DA:168,4
LF:77
LH:76
BRDA:4,0,0,2
BRDA:4,0,1,3
BRDA:4,1,0,5
BRDA:4,1,1,3
BRDA:7,2,0,2
BRDA:7,2,1,1
BRDA:20,3,0,1
BRDA:20,3,1,1
BRDA:39,4,0,1
BRDA:39,4,1,1
BRDA:73,5,0,1
BRDA:73,5,1,2
BRDA:144,6,0,1
BRDA:144,6,1,4
BRDA:144,7,0,5
BRDA:144,7,1,4
BRF:16
BRH:16
end_of_record
