TN:
SF:scripts\animations.js
FN:1,(anonymous_0)
FN:13,(anonymous_1)
FN:20,(anonymous_2)
FNF:3
FNH:0
FNDA:0,(anonymous_0)
FNDA:0,(anonymous_1)
FNDA:0,(anonymous_2)
DA:1,1
DA:6,0
DA:7,0
DA:8,0
DA:9,0
DA:13,1
DA:14,0
DA:15,0
DA:16,0
DA:17,0
DA:20,1
DA:21,0
DA:22,0
DA:23,0
DA:24,0
DA:25,0
LF:16
LH:3
BRDA:3,0,0,0
BRDA:4,1,0,0
BRDA:6,2,0,0
BRDA:6,2,1,0
BRDA:8,3,0,0
BRDA:8,3,1,0
BRDA:8,4,0,0
BRDA:8,4,1,0
BRF:8
BRH:0
end_of_record
TN:
SF:scripts\todo-item.functions.js
FN:3,(anonymous_0)
FN:16,(anonymous_1)
FN:24,(anonymous_2)
FN:30,(anonymous_3)
FN:64,(anonymous_4)
FN:71,(anonymous_5)
FN:87,(anonymous_6)
FN:103,(anonymous_7)
FN:105,(anonymous_8)
FN:116,(anonymous_9)
FN:118,(anonymous_10)
FN:124,(anonymous_11)
FN:131,(anonymous_12)
FNF:13
FNH:2
FNDA:5,(anonymous_0)
FNDA:0,(anonymous_1)
FNDA:0,(anonymous_2)
FNDA:0,(anonymous_3)
FNDA:0,(anonymous_4)
FNDA:0,(anonymous_5)
FNDA:0,(anonymous_6)
FNDA:0,(anonymous_7)
FNDA:0,(anonymous_8)
FNDA:0,(anonymous_9)
FNDA:0,(anonymous_10)
FNDA:0,(anonymous_11)
FNDA:3,(anonymous_12)
DA:3,1
DA:4,5
DA:5,2
DA:7,3
DA:8,2
DA:10,1
DA:16,1
DA:17,0
DA:24,1
DA:25,0
DA:30,1
DA:31,0
DA:32,0
DA:35,0
DA:36,0
DA:40,0
DA:44,0
DA:49,0
DA:50,0
DA:56,0
DA:64,1
DA:65,0
DA:68,0
DA:71,1
DA:72,0
DA:73,0
DA:74,0
DA:79,0
DA:80,0
DA:81,0
DA:82,0
DA:83,0
DA:84,0
DA:87,1
DA:88,0
DA:89,0
DA:91,0
DA:92,0
DA:93,0
DA:96,0
DA:97,0
DA:98,0
DA:99,0
DA:103,1
DA:104,0
DA:105,0
DA:106,0
DA:107,0
DA:108,0
DA:109,0
DA:110,0
DA:113,0
DA:116,1
DA:117,0
DA:118,0
DA:119,0
DA:120,0
DA:124,1
DA:125,0
DA:131,1
DA:132,3
DA:133,3
DA:134,3
DA:135,3
DA:136,3
DA:138,3
DA:150,3
DA:151,3
DA:152,3
DA:153,3
LF:70
LH:26
BRDA:4,0,0,2
BRDA:4,0,1,3
BRDA:4,1,0,5
BRDA:4,1,1,3
BRDA:7,2,0,2
BRDA:7,2,1,1
BRDA:31,3,0,0
BRDA:31,3,1,0
BRF:8
BRH:6
end_of_record
